<?xml version="1.0" encoding="UTF-8"?>
<!-- Generated by org.testng.reporters.JUnitReportReporter -->
<testsuite hostname="DESKTOP-N6AT8NJ" failures="0" tests="1" name="com.runners.TestRunner" time="9.362" errors="0" timestamp="2025-06-11T18:28:05 IST" skipped="0">
  <testcase classname="com.runners.TestRunner" name="runScenario" time="9.362"/>
</testsuite> <!-- com.runners.TestRunner -->
